<?xml version="1.0" encoding="UTF-8"?>
<testsuite xmlns:xsi="http://www.w3.org/2001/XMLSchema-instance" xsi:noNamespaceSchemaLocation="https://maven.apache.org/surefire/maven-surefire-plugin/xsd/surefire-test-report.xsd" version="3.0.2" name="com.example.tasks.task.TaskRepositoryTest" time="8.243" tests="1" errors="0" skipped="0" failures="0">
  <properties>
[...]
</properties>
  <testcase name="saveAndFindTask" classname="com.example.tasks.task.TaskRepositoryTest" time="0.63">
    <system-out><![CDATA[11:39:18.837 [main] INFO org.springframework.test.context.support.AnnotationConfigContextLoaderUtils -- Could not detect default configuration classes for test class [com.example.tasks.it.AbstractIntegrationTest]: AbstractIntegrationTest does not declare any static, non-private, non-final, nested classes annotated with @Configuration.
11:39:19.043 [main] INFO org.springframework.boot.test.context.SpringBootTestContextBootstrapper -- Found @SpringBootConfiguration com.example.tasks.TaskApiApplication for test class com.example.tasks.task.TaskRepositoryTest
11:39:19.139 [main] INFO org.testcontainers.images.PullPolicy -- Image pull policy will be performed by: DefaultPullPolicy()
11:39:19.146 [main] INFO org.testcontainers.utility.ImageNameSubstitutor -- Image name substitution will be performed by: DefaultImageNameSubstitutor (composite of 'ConfigurationFileImageNameSubstitutor' and 'PrefixingImageNameSubstitutor')
11:39:19.183 [main] INFO org.testcontainers.DockerClientFactory -- Testcontainers version: 1.21.3
11:39:19.466 [main] INFO org.testcontainers.dockerclient.DockerClientProviderStrategy -- Loaded org.testcontainers.dockerclient.UnixSocketClientProviderStrategy from ~/.testcontainers.properties, will try it first
11:39:19.711 [main] INFO org.testcontainers.dockerclient.DockerClientProviderStrategy -- Found Docker environment with local Unix socket (unix:///var/run/docker.sock)
11:39:19.751 [main] INFO org.testcontainers.DockerClientFactory -- Docker host IP address is 172.17.0.1
11:39:19.802 [main] INFO org.testcontainers.DockerClientFactory -- Connected to docker: 
  Server Version: 28.5.1-1
  API Version: 1.51
  Operating System: Ubuntu 24.04.3 LTS (containerized)
  Total Memory: 7943 MB
11:39:19.839 [main] INFO tc.testcontainers/ryuk:0.12.0 -- Creating container for image: testcontainers/ryuk:0.12.0
11:39:19.986 [main] INFO tc.testcontainers/ryuk:0.12.0 -- Container testcontainers/ryuk:0.12.0 is starting: 352cce773b466094a75d8644920028eb3b04bf6e422b7e622c8087f944d3467f
11:39:20.362 [main] INFO tc.testcontainers/ryuk:0.12.0 -- Container testcontainers/ryuk:0.12.0 started in PT0.523024563S
11:39:20.376 [main] INFO org.testcontainers.utility.RyukResourceReaper -- Ryuk started - will monitor and terminate Testcontainers containers on JVM exit
11:39:20.377 [main] INFO org.testcontainers.DockerClientFactory -- Checking the system...
11:39:20.377 [main] INFO org.testcontainers.DockerClientFactory -- ✔︎ Docker server version should be at least 1.6.0
11:39:20.378 [main] INFO tc.postgres:16-alpine -- Creating container for image: postgres:16-alpine
11:39:20.405 [main] INFO tc.postgres:16-alpine -- Container postgres:16-alpine is starting: 439b5ccf70b170aa4cb70ac09c556481d1d1eaf7e235f6b187420b2c37910c8f
11:39:21.933 [main] INFO tc.postgres:16-alpine -- Container postgres:16-alpine started in PT1.555178716S
11:39:21.934 [main] INFO tc.postgres:16-alpine -- Container is started (JDBC URL: jdbc:postgresql://172.17.0.1:32781/tasks?loggerLevel=OFF)

  .   ____          _            __ _ _
 /\\ / ___'_ __ _ _(_)_ __  __ _ \ \ \ \
( ( )\___ | '_ | '_| | '_ \/ _` | \ \ \ \
 \\/  ___)| |_)| | | | | || (_| |  ) ) ) )
  '  |____| .__|_| |_|_| |_\__, | / / / /
 =========|_|==============|___/=/_/_/_/

 :: Spring Boot ::                (v3.5.6)

2025-10-24T11:39:22.492Z  INFO 26003 --- [           main] c.example.tasks.task.TaskRepositoryTest  : Starting TaskRepositoryTest using Java 25 with PID 26003 (started by vscode in /workspaces/task-api)
2025-10-24T11:39:22.494Z  INFO 26003 --- [           main] c.example.tasks.task.TaskRepositoryTest  : The following 1 profile is active: "test"
2025-10-24T11:39:23.207Z  INFO 26003 --- [           main] .s.d.r.c.RepositoryConfigurationDelegate : Bootstrapping Spring Data JPA repositories in DEFAULT mode.
2025-10-24T11:39:23.302Z  INFO 26003 --- [           main] .s.d.r.c.RepositoryConfigurationDelegate : Finished Spring Data repository scanning in 84 ms. Found 3 JPA repository interfaces.
2025-10-24T11:39:23.650Z  INFO 26003 --- [           main] o.hibernate.jpa.internal.util.LogHelper  : HHH000204: Processing PersistenceUnitInfo [name: default]
2025-10-24T11:39:23.697Z  INFO 26003 --- [           main] org.hibernate.Version                    : HHH000412: Hibernate ORM core version 6.6.29.Final
2025-10-24T11:39:23.733Z  INFO 26003 --- [           main] o.h.c.internal.RegionFactoryInitiator    : HHH000026: Second-level cache disabled
2025-10-24T11:39:24.033Z  INFO 26003 --- [           main] o.s.o.j.p.SpringPersistenceUnitInfo      : No LoadTimeWeaver setup: ignoring JPA class transformer
2025-10-24T11:39:24.062Z  INFO 26003 --- [           main] com.zaxxer.hikari.HikariDataSource       : HikariPool-1 - Starting...
2025-10-24T11:39:24.305Z  INFO 26003 --- [           main] com.zaxxer.hikari.pool.HikariPool        : HikariPool-1 - Added connection org.postgresql.jdbc.PgConnection@2fdf7da2
2025-10-24T11:39:24.307Z  INFO 26003 --- [           main] com.zaxxer.hikari.HikariDataSource       : HikariPool-1 - Start completed.
2025-10-24T11:39:24.376Z  INFO 26003 --- [           main] org.hibernate.orm.connections.pooling    : HHH10001005: Database info:
	Database JDBC URL [Connecting through datasource 'HikariDataSource (HikariPool-1)']
	Database driver: undefined/unknown
	Database version: 16.10
	Autocommit mode: undefined/unknown
	Isolation level: undefined/unknown
	Minimum pool size: undefined/unknown
	Maximum pool size: undefined/unknown
2025-10-24T11:39:25.634Z  INFO 26003 --- [           main] o.h.e.t.j.p.i.JtaPlatformInitiator       : HHH000489: No JTA platform available (set 'hibernate.transaction.jta.platform' to enable JTA platform integration)
Hibernate: create table roles (id bigint generated by default as identity, name varchar(255) not null, primary key (id))
Hibernate: create table tasks (id bigint generated by default as identity, created_at timestamp(6) with time zone not null, description varchar(2000), due_date timestamp(6) with time zone, status varchar(255) not null check (status in ('TODO','DOING','DONE')), title varchar(255) not null, updated_at timestamp(6) with time zone not null, owner_id bigint not null, primary key (id))
Hibernate: create table user_roles (user_id bigint not null, role_id bigint not null, primary key (user_id, role_id))
Hibernate: create table users (id bigint generated by default as identity, enabled boolean not null, password varchar(255) not null, username varchar(255) not null, primary key (id))
Hibernate: alter table if exists roles drop constraint if exists UKofx66keruapi6vyqpv6f2or37
2025-10-24T11:39:25.702Z  WARN 26003 --- [           main] o.h.engine.jdbc.spi.SqlExceptionHelper   : SQL Warning Code: 0, SQLState: 00000
2025-10-24T11:39:25.702Z  WARN 26003 --- [           main] o.h.engine.jdbc.spi.SqlExceptionHelper   : constraint "ukofx66keruapi6vyqpv6f2or37" of relation "roles" does not exist, skipping
Hibernate: alter table if exists roles add constraint UKofx66keruapi6vyqpv6f2or37 unique (name)
Hibernate: alter table if exists users drop constraint if exists UKr43af9ap4edm43mmtq01oddj6
2025-10-24T11:39:25.706Z  WARN 26003 --- [           main] o.h.engine.jdbc.spi.SqlExceptionHelper   : SQL Warning Code: 0, SQLState: 00000
2025-10-24T11:39:25.706Z  WARN 26003 --- [           main] o.h.engine.jdbc.spi.SqlExceptionHelper   : constraint "ukr43af9ap4edm43mmtq01oddj6" of relation "users" does not exist, skipping
Hibernate: alter table if exists users add constraint UKr43af9ap4edm43mmtq01oddj6 unique (username)
Hibernate: alter table if exists tasks add constraint FKh279lo9lqbhxqh68jq9sqs83s foreign key (owner_id) references users
Hibernate: alter table if exists user_roles add constraint FKh8ciramu9cc9q3qcqiv4ue8a6 foreign key (role_id) references roles
Hibernate: alter table if exists user_roles add constraint FKhfh9dx7w3ubf1co1vdev94g3f foreign key (user_id) references users
2025-10-24T11:39:25.718Z  INFO 26003 --- [           main] j.LocalContainerEntityManagerFactoryBean : Initialized JPA EntityManagerFactory for persistence unit 'default'
2025-10-24T11:39:26.236Z  INFO 26003 --- [           main] c.example.tasks.task.TaskRepositoryTest  : Started TaskRepositoryTest in 4.266 seconds (process running for 8.447)
Hibernate: insert into users (enabled,password,username) values (?,?,?)
Hibernate: insert into tasks (created_at,description,due_date,owner_id,status,title,updated_at) values (?,?,?,?,?,?,?)
]]></system-out>
  </testcase>
</testsuite>